<?xml version="1.0" encoding="UTF-8"?>
<testng-results skipped="0" failed="0" ignored="0" total="0" passed="0">
  <reporter-output>
  </reporter-output>
  <suite name="Cucumber.Options.TestRunner" duration-ms="9" started-at="2020-09-11T22:39:45 CEST" finished-at="2020-09-11T22:39:45 CEST">
    <groups>
    </groups>
    <test name="Command line test" duration-ms="9" started-at="2020-09-11T22:39:45 CEST" finished-at="2020-09-11T22:39:45 CEST">
    </test> <!-- Command line test -->
  </suite> <!-- Cucumber.Options.TestRunner -->
</testng-results>
